<?xml version="1.0" encoding="UTF-8"?>
<testsuite xmlns:xsi="http://www.w3.org/2001/XMLSchema-instance" xsi:noNamespaceSchemaLocation="https://maven.apache.org/surefire/maven-surefire-plugin/xsd/surefire-test-report-3.0.xsd" version="3.0" name="com.example.hello.render.renderExample.RenderExampleApplicationTests" time="9.737" tests="1" errors="0" skipped="0" failures="0">
  <properties>
[...]
</properties>
  <testcase name="contextLoads" classname="com.example.hello.render.renderExample.RenderExampleApplicationTests" time="4.411">
    <system-out><![CDATA[18:41:27.172 [main] INFO org.springframework.test.context.support.AnnotationConfigContextLoaderUtils -- Could not detect default configuration classes for test class [com.example.hello.render.renderExample.RenderExampleApplicationTests]: RenderExampleApplicationTests does not declare any static, non-private, non-final, nested classes annotated with @Configuration.
18:41:27.437 [main] INFO org.springframework.boot.test.context.SpringBootTestContextBootstrapper -- Found @SpringBootConfiguration com.example.hello.render.renderExample.RenderExampleApplication for test class com.example.hello.render.renderExample.RenderExampleApplicationTests

  .   ____          _            __ _ _
 /\\ / ___'_ __ _ _(_)_ __  __ _ \ \ \ \
( ( )\___ | '_ | '_| | '_ \/ _` | \ \ \ \
 \\/  ___)| |_)| | | | | || (_| |  ) ) ) )
  '  |____| .__|_| |_|_| |_\__, | / / / /
 =========|_|==============|___/=/_/_/_/
 :: Spring Boot ::                (v3.2.4)

2024-04-09T18:41:29.165+05:30  INFO 13412 --- [renderExample] [           main] c.e.h.r.r.RenderExampleApplicationTests  : Starting RenderExampleApplicationTests using Java 17.0.8 with PID 13412 (started by shiva kumar in C:\Users\shiva kumar\Downloads\renderExample\renderExample)
2024-04-09T18:41:29.169+05:30  INFO 13412 --- [renderExample] [           main] c.e.h.r.r.RenderExampleApplicationTests  : No active profile set, falling back to 1 default profile: "default"
2024-04-09T18:41:32.028+05:30  INFO 13412 --- [renderExample] [           main] c.e.h.r.r.RenderExampleApplicationTests  : Started RenderExampleApplicationTests in 4.186 seconds (process running for 6.882)
]]></system-out>
  </testcase>
</testsuite>